#
# A fatal error has been detected by the Java Runtime Environment:
#
#  SIGSEGV (0xb) at pc=0x000000010d44c594, pid=75051, tid=0x0000000000004203
#
# JRE version: Java(TM) SE Runtime Environment (8.0_101-b13) (build 1.8.0_101-b13)
# Java VM: Java HotSpot(TM) 64-Bit Server VM (25.101-b13 mixed mode bsd-amd64 compressed oops)
# Problematic frame:
# V  [libjvm.dylib+0x44c594]
#
# Failed to write core dump. Core dumps have been disabled. To enable core dumping, try "ulimit -c unlimited" before starting Java again
#
# If you would like to submit a bug report, please visit:
#   http://bugreport.java.com/bugreport/crash.jsp
#

---------------  T H R E A D  ---------------

Current thread (0x00007fd703856800):  JavaThread "JDWP Transport Listener: dt_socket" daemon [_thread_in_vm, id=16899, stack(0x000070000eb19000,0x000070000ec19000)]

siginfo: si_signo: 11 (SIGSEGV), si_code: 0 (unknown), si_addr: 0x0000000000000000

Registers:
RAX=0x0000000000000001, RBX=0x000070000ec18a8b, RCX=0x000000010d81f360, RDX=0x000070000ec18a8b
RSP=0x000070000ec189d0, RBP=0x000070000ec189e0, RSI=0x00007fd703856800, RDI=0x8000000000000000
R8 =0x0000000000000008, R9 =0x0000000000000000, R10=0x0000000000000001, R11=0x0000000000000009
R12=0x00007fd703856800, R13=0x8000000000000000, R14=0x8000000000000000, R15=0x00007fd7037019b0
RIP=0x000000010d44c594, EFLAGS=0x0000000000010286, ERR=0x0000000000000000
  TRAPNO=0x000000000000000d

Top of Stack: (sp=0x000070000ec189d0)
0x000070000ec189d0:   000070000ec18a8b 000070000ec18a8b
0x000070000ec189e0:   000070000ec18a40 000000010d3580d2
0x000070000ec189f0:   00007fd703856800 0000000000000000
0x000070000ec18a00:   0000000000000000 0000000000000000
0x000070000ec18a10:   00007fd703856800 00007fd703856800
0x000070000ec18a20:   000070000ec18a8b 000070000ec18a90
0x000070000ec18a30:   8000000000000000 000000000000000a
0x000070000ec18a40:   000070000ec18a60 000000010dfbd780
0x000070000ec18a50:   0000000000000001 000070000ec18b08
0x000070000ec18a60:   000070000ec18ad0 000000010dfa21f3
0x000070000ec18a70:   000070000ec18aa0 00007fd703514f80
0x000070000ec18a80:   0000000b00000032 0000000a00c18b08
0x000070000ec18a90:   0000000000000000 0000000000000000
0x000070000ec18aa0:   0000000000000000 000070000ec18c90
0x000070000ec18ab0:   000000010dfc4e7a 00007fd70350f570
0x000070000ec18ac0:   000070000ec18b08 000000010dfd0598
0x000070000ec18ad0:   000070000ec18ae0 000000010dfa22ec
0x000070000ec18ae0:   000070000ec18d00 000000010dfab898
0x000070000ec18af0:   00016fe700000013 00000000000f0200
0x000070000ec18b00:   00007fd7035183e0 00007fd70351d889
0x000070000ec18b10:   00007fd7000000cf 00007fd70351ad00
0x000070000ec18b20:   00007fd70000012c 000070000ec18b58
0x000070000ec18b30:   00007fd70351ad00 0000000000000000
0x000070000ec18b40:   00016fe70000001c 00007fd700007e80
0x000070000ec18b50:   000070000ec18b58 d77f00000b000000
0x000070000ec18b60:   14000000e00a6103 65746172656e6567
0x000070000ec18b70:   746e697250646e41 2a00000065646f43
0x000070000ec18b80:   6c2f6176616a4c28 697274532f676e61
0x000070000ec18b90:   737261704c3b676e 61502f6565725465
0x000070000ec18ba0:   3b65646f4e657372 0000000000005629
0x000070000ec18bb0:   6103d77f00000a00 616d04000000880a
0x000070000ec18bc0:   5b28160000006e69 616c2f6176616a4c 

Instructions: (pc=0x000000010d44c594)
0x000000010d44c574:   40 48 48 85 c0 75 e0 30 c0 0f b6 c0 5d c3 31 c0
0x000000010d44c584:   5d c3 55 48 89 e5 53 48 83 ec 08 48 85 ff 74 24
0x000000010d44c594:   48 8b 1f 48 85 db 74 1c 48 83 fb 37 74 16 48 8b
0x000000010d44c5a4:   03 48 89 df ff 50 10 84 c0 b8 00 00 00 00 48 0f 

Register to memory mapping:

RAX=0x0000000000000001 is an unknown value
RBX=0x000070000ec18a8b is pointing into the stack for thread: 0x00007fd703856800
RCX=0x000000010d81f360: UseMembar+0 in /Library/Java/JavaVirtualMachines/jdk1.8.0_101.jdk/Contents/Home/jre/lib/server/libjvm.dylib at 0x000000010d000000
RDX=0x000070000ec18a8b is pointing into the stack for thread: 0x00007fd703856800
RSP=0x000070000ec189d0 is pointing into the stack for thread: 0x00007fd703856800
RBP=0x000070000ec189e0 is pointing into the stack for thread: 0x00007fd703856800
RSI=0x00007fd703856800 is a thread
RDI=0x8000000000000000 is an unknown value
R8 =0x0000000000000008 is an unknown value
R9 =0x0000000000000000 is an unknown value
R10=0x0000000000000001 is an unknown value
R11=0x0000000000000009 is an unknown value
R12=0x00007fd703856800 is a thread
R13=0x8000000000000000 is an unknown value
R14=0x8000000000000000 is an unknown value
R15=0x00007fd7037019b0 is an unknown value


Stack: [0x000070000eb19000,0x000070000ec19000],  sp=0x000070000ec189d0,  free space=1022k
Native frames: (J=compiled Java code, j=interpreted, Vv=VM code, C=native code)
V  [libjvm.dylib+0x44c594]
V  [libjvm.dylib+0x3580d2]
C  [libjdwp.dylib+0x20780]  isMethodSynthetic+0x63
C  [libjdwp.dylib+0x51f3]  methods1+0x10b
C  [libjdwp.dylib+0x52ec]  methodsWithGeneric+0xe
C  [libjdwp.dylib+0xe898]  debugLoop_run+0x1ce
C  [libjdwp.dylib+0x1f6ba]  attachThread+0x4d
V  [libjvm.dylib+0x399438]
V  [libjvm.dylib+0x5695ab]
V  [libjvm.dylib+0x56ac98]
V  [libjvm.dylib+0x48933a]
C  [libsystem_pthread.dylib+0x3abb]  _pthread_body+0xb4
C  [libsystem_pthread.dylib+0x3a07]  _pthread_body+0x0
C  [libsystem_pthread.dylib+0x3231]  thread_start+0xd
C  0x0000000000000000


---------------  P R O C E S S  ---------------

Java Threads: ( => current thread )
  0x00007fd704010000 JavaThread "Service Thread" daemon [_thread_blocked, id=19971, stack(0x000070000f12b000,0x000070000f22b000)]
  0x00007fd70482f800 JavaThread "C1 CompilerThread2" daemon [_thread_blocked, id=19459, stack(0x000070000f028000,0x000070000f128000)]
  0x00007fd70480e000 JavaThread "C2 CompilerThread1" daemon [_thread_blocked, id=18947, stack(0x000070000ef25000,0x000070000f025000)]
  0x00007fd704021000 JavaThread "C2 CompilerThread0" daemon [_thread_blocked, id=18435, stack(0x000070000ee22000,0x000070000ef22000)]
  0x00007fd703857800 JavaThread "JDWP Command Reader" daemon [_thread_in_native, id=17923, stack(0x000070000ed1f000,0x000070000ee1f000)]
  0x00007fd704020000 JavaThread "JDWP Event Helper Thread" daemon [_thread_blocked, id=17411, stack(0x000070000ec1c000,0x000070000ed1c000)]
=>0x00007fd703856800 JavaThread "JDWP Transport Listener: dt_socket" daemon [_thread_in_vm, id=16899, stack(0x000070000eb19000,0x000070000ec19000)]
  0x00007fd703855000 JavaThread "Signal Dispatcher" daemon [_thread_blocked, id=16387, stack(0x000070000ea16000,0x000070000eb16000)]
  0x00007fd70500f000 JavaThread "Finalizer" daemon [_thread_blocked, id=12547, stack(0x000070000e913000,0x000070000ea13000)]
  0x00007fd70500c000 JavaThread "Reference Handler" daemon [_thread_blocked, id=12035, stack(0x000070000e810000,0x000070000e910000)]
  0x00007fd703801000 JavaThread "main" [_thread_blocked, id=7171, stack(0x000070000e1fe000,0x000070000e2fe000)]

Other Threads:
  0x00007fd703839000 VMThread [stack: 0x000070000e70d000,0x000070000e80d000] [id=11523]
  0x00007fd705001800 WatcherThread [stack: 0x000070000f22e000,0x000070000f32e000] [id=20483]

VM state:not at safepoint (normal execution)

VM Mutex/Monitor currently owned by a thread: None

Heap:
 PSYoungGen      total 38400K, used 2678K [0x0000000795580000, 0x0000000798000000, 0x00000007c0000000)
  eden space 33280K, 8% used [0x0000000795580000,0x000000079581d9d0,0x0000000797600000)
  from space 5120K, 0% used [0x0000000797b00000,0x0000000797b00000,0x0000000798000000)
  to   space 5120K, 0% used [0x0000000797600000,0x0000000797600000,0x0000000797b00000)
 ParOldGen       total 87552K, used 0K [0x0000000740000000, 0x0000000745580000, 0x0000000795580000)
  object space 87552K, 0% used [0x0000000740000000,0x0000000740000000,0x0000000745580000)
 Metaspace       used 2799K, capacity 4600K, committed 4864K, reserved 1056768K
  class space    used 305K, capacity 424K, committed 512K, reserved 1048576K

Card table byte_map: [0x000000010e3a8000,0x000000010e7a9000] byte_map_base: 0x000000010a9a8000

Marking Bits: (ParMarkBitMap*) 0x000000010d8edd20
 Begin Bits: [0x000000010ea54000, 0x0000000110a54000)
 End Bits:   [0x0000000110a54000, 0x0000000112a54000)

Polling page: 0x000000010c7d8000

CodeCache: size=245760Kb used=1140Kb max_used=1140Kb free=244619Kb
 bounds [0x0000000114ca8000, 0x0000000114f18000, 0x0000000123ca8000]
 total_blobs=266 nmethods=43 adapters=145
 compilation: enabled

Compilation events (10 events):
Event: 0.264 Thread 0x00007fd70482f800   40  s!   3       sun.misc.URLClassPath::getLoader (197 bytes)
Event: 0.264 Thread 0x00007fd704021000   41       4       java.lang.String::charAt (29 bytes)
Event: 0.265 Thread 0x00007fd704021000 nmethod 41 0x0000000114dc1850 code [0x0000000114dc19a0, 0x0000000114dc1ab8]
Event: 0.270 Thread 0x00007fd70482f800 nmethod 40 0x0000000114dc1bd0 code [0x0000000114dc2000, 0x0000000114dc4c78]
Event: 0.270 Thread 0x00007fd70482f800   39  s    3       sun.misc.URLClassPath::getNextLoader (88 bytes)
Event: 0.271 Thread 0x00007fd70482f800 nmethod 39 0x0000000114dc08d0 code [0x0000000114dc0ac0, 0x0000000114dc1368]
Event: 0.271 Thread 0x00007fd70482f800   42       3       java.util.ArrayList::get (11 bytes)
Event: 0.271 Thread 0x00007fd70482f800 nmethod 42 0x0000000114dc0150 code [0x0000000114dc0300, 0x0000000114dc0658]
Event: 0.271 Thread 0x00007fd70482f800   43       1       java.lang.StringCoding$StringEncoder::requestedCharsetName (5 bytes)
Event: 0.271 Thread 0x00007fd70482f800 nmethod 43 0x0000000114dbfe90 code [0x0000000114dbffe0, 0x0000000114dc00f0]

GC Heap History (0 events):
No events

Deoptimization events (0 events):
No events

Internal exceptions (2 events):
Event: 0.047 Thread 0x00007fd703801000 Exception <a 'java/lang/NoSuchMethodError': Method sun.misc.Unsafe.defineClass(Ljava/lang/String;[BII)Ljava/lang/Class; name or signature does not match> (0x0000000795587cc0) thrown at [/HUDSON3/workspace/8-2-build-macosx-x86_64/jdk8u101/7261/hotspot/src/
Event: 0.047 Thread 0x00007fd703801000 Exception <a 'java/lang/NoSuchMethodError': Method sun.misc.Unsafe.prefetchRead(Ljava/lang/Object;J)V name or signature does not match> (0x0000000795587fa8) thrown at [/HUDSON3/workspace/8-2-build-macosx-x86_64/jdk8u101/7261/hotspot/src/share/vm/prims/jni

Events (10 events):
Event: 0.263 loading class lexicalAnalyzer/Keyword
Event: 0.263 loading class lexicalAnalyzer/Keyword done
Event: 0.264 loading class tokens/LextantToken
Event: 0.264 loading class tokens/LextantToken done
Event: 0.264 loading class tokens/TokenImp
Event: 0.264 loading class tokens/TokenImp done
Event: 4.264 Executing VM operation: EnableBiasedLocking
Event: 4.264 Executing VM operation: EnableBiasedLocking done
Event: 7853.815 Executing VM operation: RedefineClasses
Event: 7853.818 Executing VM operation: RedefineClasses done


Dynamic libraries:
0x000000004d241000 	/System/Library/Frameworks/Cocoa.framework/Versions/A/Cocoa
0x000000004d241000 	/System/Library/Frameworks/Security.framework/Versions/A/Security
0x000000004d241000 	/System/Library/Frameworks/ApplicationServices.framework/Versions/A/ApplicationServices
0x000000004d241000 	/usr/lib/libz.1.dylib
0x000000004d241000 	/usr/lib/libSystem.B.dylib
0x000000004d241000 	/usr/lib/libobjc.A.dylib
0x000000004d241000 	/System/Library/Frameworks/CoreFoundation.framework/Versions/A/CoreFoundation
0x000000004d241000 	/System/Library/Frameworks/Foundation.framework/Versions/C/Foundation
0x000000004d241000 	/System/Library/Frameworks/AppKit.framework/Versions/C/AppKit
0x000000004d241000 	/System/Library/Frameworks/CoreData.framework/Versions/A/CoreData
0x000000004d241000 	/System/Library/PrivateFrameworks/RemoteViewServices.framework/Versions/A/RemoteViewServices
0x000000004d241000 	/System/Library/PrivateFrameworks/UIFoundation.framework/Versions/A/UIFoundation
0x000000004d241000 	/usr/lib/libenergytrace.dylib
0x000000004d241000 	/System/Library/PrivateFrameworks/SkyLight.framework/Versions/A/SkyLight
0x000000004d241000 	/System/Library/Frameworks/CoreGraphics.framework/Versions/A/CoreGraphics
0x000000004d241000 	/usr/lib/libScreenReader.dylib
0x000000004d241000 	/System/Library/Frameworks/Accelerate.framework/Versions/A/Accelerate
0x000000004d241000 	/System/Library/Frameworks/IOSurface.framework/Versions/A/IOSurface
0x000000004d241000 	/System/Library/Frameworks/AudioToolbox.framework/Versions/A/AudioToolbox
0x000000004d241000 	/System/Library/Frameworks/AudioUnit.framework/Versions/A/AudioUnit
0x000000004d241000 	/System/Library/PrivateFrameworks/DataDetectorsCore.framework/Versions/A/DataDetectorsCore
0x000000004d241000 	/System/Library/PrivateFrameworks/DesktopServicesPriv.framework/Versions/A/DesktopServicesPriv
0x000000004d241000 	/System/Library/Frameworks/Carbon.framework/Versions/A/Frameworks/HIToolbox.framework/Versions/A/HIToolbox
0x000000004d241000 	/usr/lib/libicucore.A.dylib
0x000000004d241000 	/System/Library/Frameworks/QuartzCore.framework/Versions/A/QuartzCore
0x000000004d241000 	/System/Library/Frameworks/Carbon.framework/Versions/A/Frameworks/SpeechRecognition.framework/Versions/A/SpeechRecognition
0x000000004d241000 	/usr/lib/libauto.dylib
0x000000004d241000 	/usr/lib/libxml2.2.dylib
0x000000004d241000 	/System/Library/PrivateFrameworks/CoreUI.framework/Versions/A/CoreUI
0x000000004d241000 	/System/Library/Frameworks/CoreAudio.framework/Versions/A/CoreAudio
0x000000004d241000 	/System/Library/Frameworks/DiskArbitration.framework/Versions/A/DiskArbitration
0x000000004d241000 	/usr/lib/liblangid.dylib
0x000000004d241000 	/System/Library/PrivateFrameworks/MultitouchSupport.framework/Versions/A/MultitouchSupport
0x000000004d241000 	/System/Library/Frameworks/IOKit.framework/Versions/A/IOKit
0x000000004d241000 	/usr/lib/libDiagnosticMessagesClient.dylib
0x000000004d241000 	/System/Library/Frameworks/CoreServices.framework/Versions/A/CoreServices
0x000000004d241000 	/System/Library/PrivateFrameworks/PerformanceAnalysis.framework/Versions/A/PerformanceAnalysis
0x000000004d241000 	/System/Library/PrivateFrameworks/GenerationalStorage.framework/Versions/A/GenerationalStorage
0x000000004d241000 	/System/Library/Frameworks/OpenGL.framework/Versions/A/OpenGL
0x000000004d241000 	/System/Library/Frameworks/CoreImage.framework/Versions/A/CoreImage
0x000000004d241000 	/System/Library/Frameworks/CoreText.framework/Versions/A/CoreText
0x000000004d241000 	/System/Library/Frameworks/ImageIO.framework/Versions/A/ImageIO
0x000000004d241000 	/System/Library/PrivateFrameworks/Backup.framework/Versions/A/Backup
0x000000004d241000 	/usr/lib/libarchive.2.dylib
0x000000004d241000 	/System/Library/Frameworks/CFNetwork.framework/Versions/A/CFNetwork
0x000000004d241000 	/System/Library/Frameworks/SystemConfiguration.framework/Versions/A/SystemConfiguration
0x000000004d241000 	/usr/lib/libCRFSuite.dylib
0x000000004d241000 	/usr/lib/libc++.1.dylib
0x000000004d241000 	/usr/lib/libc++abi.dylib
0x000000004d241000 	/usr/lib/system/libcache.dylib
0x000000004d241000 	/usr/lib/system/libcommonCrypto.dylib
0x000000004d241000 	/usr/lib/system/libcompiler_rt.dylib
0x000000004d241000 	/usr/lib/system/libcopyfile.dylib
0x000000004d241000 	/usr/lib/system/libcorecrypto.dylib
0x000000004d241000 	/usr/lib/system/libdispatch.dylib
0x000000004d241000 	/usr/lib/system/libdyld.dylib
0x000000004d241000 	/usr/lib/system/libkeymgr.dylib
0x000000004d241000 	/usr/lib/system/liblaunch.dylib
0x000000004d241000 	/usr/lib/system/libmacho.dylib
0x000000004d241000 	/usr/lib/system/libquarantine.dylib
0x000000004d241000 	/usr/lib/system/libremovefile.dylib
0x000000004d241000 	/usr/lib/system/libsystem_asl.dylib
0x000000004d241000 	/usr/lib/system/libsystem_blocks.dylib
0x000000004d241000 	/usr/lib/system/libsystem_c.dylib
0x000000004d241000 	/usr/lib/system/libsystem_configuration.dylib
0x000000004d241000 	/usr/lib/system/libsystem_coreservices.dylib
0x000000004d241000 	/usr/lib/system/libsystem_coretls.dylib
0x000000004d241000 	/usr/lib/system/libsystem_dnssd.dylib
0x000000004d241000 	/usr/lib/system/libsystem_info.dylib
0x000000004d241000 	/usr/lib/system/libsystem_kernel.dylib
0x000000004d241000 	/usr/lib/system/libsystem_m.dylib
0x000000004d241000 	/usr/lib/system/libsystem_malloc.dylib
0x000000004d241000 	/usr/lib/system/libsystem_network.dylib
0x000000004d241000 	/usr/lib/system/libsystem_networkextension.dylib
0x000000004d241000 	/usr/lib/system/libsystem_notify.dylib
0x000000004d241000 	/usr/lib/system/libsystem_platform.dylib
0x000000004d241000 	/usr/lib/system/libsystem_pthread.dylib
0x000000004d241000 	/usr/lib/system/libsystem_sandbox.dylib
0x000000004d241000 	/usr/lib/system/libsystem_secinit.dylib
0x000000004d241000 	/usr/lib/system/libsystem_symptoms.dylib
0x000000004d241000 	/usr/lib/system/libsystem_trace.dylib
0x000000004d241000 	/usr/lib/system/libunwind.dylib
0x000000004d241000 	/usr/lib/system/libxpc.dylib
0x000000004d241000 	/usr/lib/libbsm.0.dylib
0x000000004d241000 	/usr/lib/system/libkxld.dylib
0x000000004d241000 	/usr/lib/libcoretls.dylib
0x000000004d241000 	/usr/lib/libcoretls_cfhelpers.dylib
0x000000004d241000 	/usr/lib/libxar.1.dylib
0x000000004d241000 	/usr/lib/libsqlite3.dylib
0x000000004d241000 	/usr/lib/libpam.2.dylib
0x000000004d241000 	/usr/lib/libOpenScriptingUtil.dylib
0x000000004d241000 	/usr/lib/libbz2.1.0.dylib
0x000000004d241000 	/usr/lib/liblzma.5.dylib
0x000000004d241000 	/usr/lib/libnetwork.dylib
0x000000004d241000 	/usr/lib/libpcap.A.dylib
0x000000004d241000 	/System/Library/Frameworks/CoreServices.framework/Versions/A/Frameworks/FSEvents.framework/Versions/A/FSEvents
0x000000004d241000 	/System/Library/Frameworks/CoreServices.framework/Versions/A/Frameworks/CarbonCore.framework/Versions/A/CarbonCore
0x000000004d241000 	/System/Library/Frameworks/CoreServices.framework/Versions/A/Frameworks/Metadata.framework/Versions/A/Metadata
0x000000004d241000 	/System/Library/Frameworks/CoreServices.framework/Versions/A/Frameworks/OSServices.framework/Versions/A/OSServices
0x000000004d241000 	/System/Library/Frameworks/CoreServices.framework/Versions/A/Frameworks/SearchKit.framework/Versions/A/SearchKit
0x000000004d241000 	/System/Library/Frameworks/CoreServices.framework/Versions/A/Frameworks/AE.framework/Versions/A/AE
0x000000004d241000 	/System/Library/Frameworks/CoreServices.framework/Versions/A/Frameworks/LaunchServices.framework/Versions/A/LaunchServices
0x000000004d241000 	/System/Library/Frameworks/CoreServices.framework/Versions/A/Frameworks/DictionaryServices.framework/Versions/A/DictionaryServices
0x000000004d241000 	/System/Library/Frameworks/CoreServices.framework/Versions/A/Frameworks/SharedFileList.framework/Versions/A/SharedFileList
0x000000004d241000 	/System/Library/Frameworks/NetFS.framework/Versions/A/NetFS
0x000000004d241000 	/System/Library/PrivateFrameworks/NetAuth.framework/Versions/A/NetAuth
0x000000004d241000 	/System/Library/PrivateFrameworks/login.framework/Versions/A/Frameworks/loginsupport.framework/Versions/A/loginsupport
0x000000004d241000 	/System/Library/PrivateFrameworks/TCC.framework/Versions/A/TCC
0x000000004d241000 	/usr/lib/libmecabra.dylib
0x000000004d241000 	/System/Library/Frameworks/ApplicationServices.framework/Versions/A/Frameworks/ATS.framework/Versions/A/ATS
0x000000004d241000 	/System/Library/Frameworks/ApplicationServices.framework/Versions/A/Frameworks/ColorSync.framework/Versions/A/ColorSync
0x000000004d241000 	/System/Library/Frameworks/ApplicationServices.framework/Versions/A/Frameworks/HIServices.framework/Versions/A/HIServices
0x000000004d241000 	/System/Library/Frameworks/ApplicationServices.framework/Versions/A/Frameworks/LangAnalysis.framework/Versions/A/LangAnalysis
0x000000004d241000 	/System/Library/Frameworks/ApplicationServices.framework/Versions/A/Frameworks/PrintCore.framework/Versions/A/PrintCore
0x000000004d241000 	/System/Library/Frameworks/ApplicationServices.framework/Versions/A/Frameworks/QD.framework/Versions/A/QD
0x000000004d241000 	/System/Library/Frameworks/ApplicationServices.framework/Versions/A/Frameworks/SpeechSynthesis.framework/Versions/A/SpeechSynthesis
0x000000004d241000 	/System/Library/Frameworks/Accelerate.framework/Versions/A/Frameworks/vImage.framework/Versions/A/vImage
0x000000004d241000 	/System/Library/Frameworks/Accelerate.framework/Versions/A/Frameworks/vecLib.framework/Versions/A/vecLib
0x000000004d241000 	/System/Library/Frameworks/Accelerate.framework/Versions/A/Frameworks/vecLib.framework/Versions/A/libvDSP.dylib
0x000000004d241000 	/System/Library/Frameworks/Accelerate.framework/Versions/A/Frameworks/vecLib.framework/Versions/A/libBNNS.dylib
0x000000004d241000 	/System/Library/Frameworks/Accelerate.framework/Versions/A/Frameworks/vecLib.framework/Versions/A/libQuadrature.dylib
0x000000004d241000 	/System/Library/Frameworks/Accelerate.framework/Versions/A/Frameworks/vecLib.framework/Versions/A/libvMisc.dylib
0x000000004d241000 	/System/Library/Frameworks/Accelerate.framework/Versions/A/Frameworks/vecLib.framework/Versions/A/libLAPACK.dylib
0x000000004d241000 	/System/Library/Frameworks/Accelerate.framework/Versions/A/Frameworks/vecLib.framework/Versions/A/libBLAS.dylib
0x000000004d241000 	/System/Library/Frameworks/Accelerate.framework/Versions/A/Frameworks/vecLib.framework/Versions/A/libLinearAlgebra.dylib
0x000000004d241000 	/System/Library/Frameworks/Accelerate.framework/Versions/A/Frameworks/vecLib.framework/Versions/A/libSparseBLAS.dylib
0x000000004d241000 	/System/Library/Frameworks/ApplicationServices.framework/Versions/A/Frameworks/ATS.framework/Versions/A/Resources/libFontParser.dylib
0x000000004d241000 	/System/Library/Frameworks/ApplicationServices.framework/Versions/A/Frameworks/ATS.framework/Versions/A/Resources/libFontRegistry.dylib
0x000000004d241000 	/System/Library/Frameworks/ImageIO.framework/Versions/A/Resources/libJPEG.dylib
0x000000004d241000 	/System/Library/Frameworks/ImageIO.framework/Versions/A/Resources/libTIFF.dylib
0x000000004d241000 	/System/Library/Frameworks/ImageIO.framework/Versions/A/Resources/libPng.dylib
0x000000004d241000 	/System/Library/Frameworks/ImageIO.framework/Versions/A/Resources/libGIF.dylib
0x000000004d241000 	/System/Library/Frameworks/ImageIO.framework/Versions/A/Resources/libJP2.dylib
0x000000004d241000 	/System/Library/Frameworks/ImageIO.framework/Versions/A/Resources/libRadiance.dylib
0x000000004d241000 	/usr/lib/libcompression.dylib
0x000000004d241000 	/System/Library/PrivateFrameworks/AppleJPEG.framework/Versions/A/AppleJPEG
0x000000004d241000 	/usr/lib/libcups.2.dylib
0x000000004d241000 	/System/Library/Frameworks/Kerberos.framework/Versions/A/Kerberos
0x000000004d241000 	/System/Library/Frameworks/GSS.framework/Versions/A/GSS
0x000000004d241000 	/usr/lib/libresolv.9.dylib
0x000000004d241000 	/usr/lib/libiconv.2.dylib
0x000000004d241000 	/System/Library/PrivateFrameworks/Heimdal.framework/Versions/A/Heimdal
0x000000004d241000 	/usr/lib/libheimdal-asn1.dylib
0x000000004d241000 	/System/Library/Frameworks/OpenDirectory.framework/Versions/A/OpenDirectory
0x000000004d241000 	/System/Library/PrivateFrameworks/CommonAuth.framework/Versions/A/CommonAuth
0x000000004d241000 	/System/Library/Frameworks/OpenDirectory.framework/Versions/A/Frameworks/CFOpenDirectory.framework/Versions/A/CFOpenDirectory
0x000000004d241000 	/System/Library/Frameworks/SecurityFoundation.framework/Versions/A/SecurityFoundation
0x000000004d241000 	/System/Library/PrivateFrameworks/LanguageModeling.framework/Versions/A/LanguageModeling
0x000000004d241000 	/usr/lib/libmarisa.dylib
0x000000004d241000 	/usr/lib/libChineseTokenizer.dylib
0x000000004d241000 	/usr/lib/libcmph.dylib
0x000000004d241000 	/System/Library/PrivateFrameworks/CoreEmoji.framework/Versions/A/CoreEmoji
0x000000004d241000 	/System/Library/Frameworks/ServiceManagement.framework/Versions/A/ServiceManagement
0x000000004d241000 	/usr/lib/libxslt.1.dylib
0x000000004d241000 	/System/Library/Frameworks/Carbon.framework/Versions/A/Frameworks/Ink.framework/Versions/A/Ink
0x000000004d241000 	/System/Library/PrivateFrameworks/TextureIO.framework/Versions/A/TextureIO
0x000000004d241000 	/System/Library/Frameworks/Metal.framework/Versions/A/Metal
0x000000004d241000 	/usr/lib/libate.dylib
0x000000004d241000 	/System/Library/PrivateFrameworks/GPUCompiler.framework/libmetal_timestamp.dylib
0x000000004d241000 	/System/Library/Frameworks/OpenGL.framework/Versions/A/Libraries/libCoreFSCache.dylib
0x000000004d241000 	/System/Library/PrivateFrameworks/IOAccelerator.framework/Versions/A/IOAccelerator
0x000000004d241000 	/System/Library/Frameworks/CoreVideo.framework/Versions/A/CoreVideo
0x000000004d241000 	/usr/lib/libFosl_dynamic.dylib
0x000000004d241000 	/System/Library/PrivateFrameworks/MetalPerformanceShaders.framework/Versions/A/MetalPerformanceShaders
0x000000004d241000 	/System/Library/PrivateFrameworks/FaceCore.framework/Versions/A/FaceCore
0x000000004d241000 	/System/Library/Frameworks/OpenCL.framework/Versions/A/OpenCL
0x000000004d241000 	/System/Library/Frameworks/OpenGL.framework/Versions/A/Libraries/libGLU.dylib
0x000000004d241000 	/System/Library/Frameworks/OpenGL.framework/Versions/A/Libraries/libGFXShared.dylib
0x000000004d241000 	/System/Library/Frameworks/OpenGL.framework/Versions/A/Libraries/libGL.dylib
0x000000004d241000 	/System/Library/Frameworks/OpenGL.framework/Versions/A/Libraries/libGLImage.dylib
0x000000004d241000 	/System/Library/Frameworks/OpenGL.framework/Versions/A/Libraries/libCVMSPluginSupport.dylib
0x000000004d241000 	/System/Library/Frameworks/OpenGL.framework/Versions/A/Libraries/libCoreVMClient.dylib
0x000000004d241000 	/System/Library/PrivateFrameworks/CrashReporterSupport.framework/Versions/A/CrashReporterSupport
0x000000004d241000 	/System/Library/PrivateFrameworks/Sharing.framework/Versions/A/Sharing
0x000000004d241000 	/System/Library/PrivateFrameworks/IconServices.framework/Versions/A/IconServices
0x000000004d241000 	/System/Library/PrivateFrameworks/ProtocolBuffer.framework/Versions/A/ProtocolBuffer
0x000000004d241000 	/System/Library/PrivateFrameworks/Apple80211.framework/Versions/A/Apple80211
0x000000004d241000 	/System/Library/Frameworks/CoreWLAN.framework/Versions/A/CoreWLAN
0x000000004d241000 	/System/Library/PrivateFrameworks/CoreUtils.framework/Versions/A/CoreUtils
0x000000004d241000 	/System/Library/Frameworks/IOBluetooth.framework/Versions/A/IOBluetooth
0x000000004d241000 	/System/Library/PrivateFrameworks/CoreWiFi.framework/Versions/A/CoreWiFi
0x000000004d241000 	/System/Library/Frameworks/CoreBluetooth.framework/Versions/A/CoreBluetooth
0x000000004d241000 	/System/Library/Frameworks/CoreDisplay.framework/Versions/A/CoreDisplay
0x000000004d241000 	/System/Library/PrivateFrameworks/IOPresentment.framework/Versions/A/IOPresentment
0x000000004d241000 	/System/Library/PrivateFrameworks/DebugSymbols.framework/Versions/A/DebugSymbols
0x000000004d241000 	/System/Library/PrivateFrameworks/CoreSymbolication.framework/Versions/A/CoreSymbolication
0x000000004d241000 	/System/Library/PrivateFrameworks/Symbolication.framework/Versions/A/Symbolication
0x000000004d241000 	/System/Library/PrivateFrameworks/AppleFSCompression.framework/Versions/A/AppleFSCompression
0x000000004d241000 	/System/Library/PrivateFrameworks/SpeechRecognitionCore.framework/Versions/A/SpeechRecognitionCore
0x000000004d241000 	/System/Library/PrivateFrameworks/ChunkingLibrary.framework/Versions/A/ChunkingLibrary
0x000000010d000000 	/Library/Java/JavaVirtualMachines/jdk1.8.0_101.jdk/Contents/Home/jre/lib/server/libjvm.dylib
0x000000004d241000 	/usr/lib/libstdc++.6.dylib
0x000000010c795000 	/Library/Java/JavaVirtualMachines/jdk1.8.0_101.jdk/Contents/Home/jre/lib/libverify.dylib
0x000000010c7a3000 	/Library/Java/JavaVirtualMachines/jdk1.8.0_101.jdk/Contents/Home/jre/lib/libjava.dylib
0x000000010df9d000 	/Library/Java/JavaVirtualMachines/jdk1.8.0_101.jdk/Contents/Home/jre/lib/libjdwp.dylib
0x000000010c7d9000 	/Library/Java/JavaVirtualMachines/jdk1.8.0_101.jdk/Contents/Home/jre/lib/libnpt.dylib
0x000000010c7e6000 	/Library/Java/JavaVirtualMachines/jdk1.8.0_101.jdk/Contents/Home/jre/lib/libzip.dylib
0x000000011494b000 	/System/Library/Frameworks/JavaVM.framework/Frameworks/JavaRuntimeSupport.framework/JavaRuntimeSupport
0x0000000114965000 	/System/Library/Frameworks/JavaVM.framework/Versions/A/Frameworks/JavaNativeFoundation.framework/Versions/A/JavaNativeFoundation
0x000000010c7f0000 	/System/Library/Frameworks/JavaVM.framework/Versions/A/JavaVM
0x000000004d241000 	/System/Library/Frameworks/Carbon.framework/Versions/A/Carbon
0x000000011497a000 	/System/Library/PrivateFrameworks/JavaLaunching.framework/Versions/A/JavaLaunching
0x000000004d241000 	/System/Library/Frameworks/Carbon.framework/Versions/A/Frameworks/CommonPanels.framework/Versions/A/CommonPanels
0x000000004d241000 	/System/Library/Frameworks/Carbon.framework/Versions/A/Frameworks/Help.framework/Versions/A/Help
0x000000004d241000 	/System/Library/Frameworks/Carbon.framework/Versions/A/Frameworks/ImageCapture.framework/Versions/A/ImageCapture
0x000000004d241000 	/System/Library/Frameworks/Carbon.framework/Versions/A/Frameworks/OpenScripting.framework/Versions/A/OpenScripting
0x000000004d241000 	/System/Library/Frameworks/Carbon.framework/Versions/A/Frameworks/Print.framework/Versions/A/Print
0x000000004d241000 	/System/Library/Frameworks/Carbon.framework/Versions/A/Frameworks/SecurityHI.framework/Versions/A/SecurityHI
0x00000001149ce000 	/Library/Java/JavaVirtualMachines/jdk1.8.0_101.jdk/Contents/Home/jre/lib/libdt_socket.dylib

VM Arguments:
jvm_args: -agentlib:jdwp=transport=dt_socket,suspend=y,address=localhost:60793 -ea -Dfile.encoding=UTF-8 
java_command: applications.PikaCompiler input/currentTest.pika
java_class_path (initial): /Users/Chauncey/Workspace/Compiler/pika/bin:/Users/Chauncey/.p2/pool/plugins/org.junit_4.12.0.v201504281640/junit.jar:/Users/Chauncey/.p2/pool/plugins/org.hamcrest.core_1.3.0.v201303031735.jar
Launcher Type: SUN_STANDARD

Environment Variables:
PATH=/usr/bin:/bin:/usr/sbin:/sbin
SHELL=/bin/zsh
DISPLAY=/private/tmp/com.apple.launchd.69XSpssaHm/org.macosforge.xquartz:0

Signal Handlers:
SIGSEGV: [libjvm.dylib+0x5af145], sa_mask[0]=11111111011111110111111111111111, sa_flags=SA_ONSTACK|SA_RESTART|SA_SIGINFO
SIGBUS: [libjvm.dylib+0x5af145], sa_mask[0]=11111111011111110111111111111111, sa_flags=SA_RESTART|SA_SIGINFO
SIGFPE: [libjvm.dylib+0x48694c], sa_mask[0]=11111111011111110111111111111111, sa_flags=SA_RESTART|SA_SIGINFO
SIGPIPE: [libjvm.dylib+0x48694c], sa_mask[0]=11111111011111110111111111111111, sa_flags=SA_RESTART|SA_SIGINFO
SIGXFSZ: [libjvm.dylib+0x48694c], sa_mask[0]=11111111011111110111111111111111, sa_flags=SA_RESTART|SA_SIGINFO
SIGILL: [libjvm.dylib+0x48694c], sa_mask[0]=11111111011111110111111111111111, sa_flags=SA_RESTART|SA_SIGINFO
SIGUSR1: SIG_DFL, sa_mask[0]=00000000000000000000000000000000, sa_flags=none
SIGUSR2: [libjvm.dylib+0x48646a], sa_mask[0]=00100000000000000000000000000000, sa_flags=SA_RESTART|SA_SIGINFO
SIGHUP: [libjvm.dylib+0x484a41], sa_mask[0]=11111111011111110111111111111111, sa_flags=SA_RESTART|SA_SIGINFO
SIGINT: [libjvm.dylib+0x484a41], sa_mask[0]=11111111011111110111111111111111, sa_flags=SA_RESTART|SA_SIGINFO
SIGTERM: [libjvm.dylib+0x484a41], sa_mask[0]=11111111011111110111111111111111, sa_flags=SA_RESTART|SA_SIGINFO
SIGQUIT: [libjvm.dylib+0x484a41], sa_mask[0]=11111111011111110111111111111111, sa_flags=SA_RESTART|SA_SIGINFO


---------------  S Y S T E M  ---------------

OS:Bsduname:Darwin 16.0.0 Darwin Kernel Version 16.0.0: Mon Aug 29 17:56:20 PDT 2016; root:xnu-3789.1.32~3/RELEASE_X86_64 x86_64
rlimit: STACK 8192k, CORE 0k, NPROC 709, NOFILE 10240, AS infinity
load average:1.47 1.68 1.79

CPU:total 4 (2 cores per cpu, 2 threads per core) family 6 model 69 stepping 1, cmov, cx8, fxsr, mmx, sse, sse2, sse3, ssse3, sse4.1, sse4.2, popcnt, avx, avx2, aes, clmul, erms, lzcnt, ht, tsc, tscinvbit, bmi1, bmi2

Memory: 4k page, physical 8388608k(556136k free)

/proc/meminfo:


vm_info: Java HotSpot(TM) 64-Bit Server VM (25.101-b13) for bsd-amd64 JRE (1.8.0_101-b13), built on Jun 22 2016 02:42:15 by "java_re" with gcc 4.2.1 (Based on Apple Inc. build 5658) (LLVM build 2336.11.00)

time: Mon Nov 21 00:19:54 2016
elapsed time: 7853 seconds (0d 2h 10m 53s)

